android/app/build/intermediates/manifest_merge_blame_file/release/processReleaseMainManifest/manifest-merger-blame-release-report.txt
1<?xml version="1.0" encoding="utf-8"?>
2<manifest xmlns:android="http://schemas.android.com/apk/res/android"
3    package="com.kayan.app"
4    android:versionCode="1"
5    android:versionName="1.0" >
6
7    <uses-sdk
8        android:minSdkVersion="24"
9        android:targetSdkVersion="34" />
10
11    <queries>
11-->[com.google.androidbrowserhelper:androidbrowserhelper:2.5.0] AndroidManifest.xml:26:5-34:15
12        <intent>
12-->[com.google.androidbrowserhelper:androidbrowserhelper:2.5.0] AndroidManifest.xml:27:9-33:18
13            <action android:name="android.intent.action.VIEW" />
13-->src\main\AndroidManifest.xml:35:17-69
13-->src\main\AndroidManifest.xml:35:25-66
14
15            <category android:name="android.intent.category.BROWSABLE" />
15-->src\main\AndroidManifest.xml:37:17-78
15-->src\main\AndroidManifest.xml:37:27-75
16
17            <data android:scheme="https" />
17-->src\main\AndroidManifest.xml:38:17-40:68
17-->src\main\AndroidManifest.xml:39:21-43
18        </intent>
19    </queries>
20
21    <application
21-->src\main\AndroidManifest.xml:4:5-45:19
22        android:allowBackup="true"
22-->src\main\AndroidManifest.xml:5:9-35
23        android:appComponentFactory="androidx.core.app.CoreComponentFactory"
23-->[androidx.core:core:1.1.0] AndroidManifest.xml:24:18-86
24        android:extractNativeLibs="false"
25        android:icon="@mipmap/ic_launcher"
25-->src\main\AndroidManifest.xml:6:9-43
26        android:label="@string/app_name"
26-->src\main\AndroidManifest.xml:7:9-41
27        android:roundIcon="@mipmap/ic_launcher_round"
27-->src\main\AndroidManifest.xml:8:9-54
28        android:supportsRtl="true"
28-->src\main\AndroidManifest.xml:9:9-35
29        android:theme="@style/Theme.Kayan" >
29-->src\main\AndroidManifest.xml:10:9-43
30        <activity
30-->src\main\AndroidManifest.xml:12:9-43:20
31            android:name="com.google.androidbrowserhelper.trusted.LauncherActivity"
31-->src\main\AndroidManifest.xml:13:13-84
32            android:exported="true"
32-->src\main\AndroidManifest.xml:15:13-36
33            android:label="@string/app_name" >
33-->src\main\AndroidManifest.xml:14:13-45
34            <meta-data
34-->src\main\AndroidManifest.xml:17:13-19:55
35                android:name="android.support.customtabs.trusted.DEFAULT_URL"
35-->src\main\AndroidManifest.xml:18:17-78
36                android:value="@string/default_url" />
36-->src\main\AndroidManifest.xml:19:17-52
37            <meta-data
37-->src\main\AndroidManifest.xml:21:13-23:58
38                android:name="android.support.customtabs.trusted.STATUS_BAR_COLOR"
38-->src\main\AndroidManifest.xml:22:17-83
39                android:resource="@color/colorPrimary" />
39-->src\main\AndroidManifest.xml:23:17-55
40            <meta-data
40-->src\main\AndroidManifest.xml:25:13-27:58
41                android:name="android.support.customtabs.trusted.NAVIGATION_BAR_COLOR"
41-->src\main\AndroidManifest.xml:26:17-87
42                android:resource="@color/colorPrimary" />
42-->src\main\AndroidManifest.xml:27:17-55
43
44            <intent-filter>
44-->src\main\AndroidManifest.xml:29:13-32:29
45                <action android:name="android.intent.action.MAIN" />
45-->src\main\AndroidManifest.xml:30:17-69
45-->src\main\AndroidManifest.xml:30:25-66
46
47                <category android:name="android.intent.category.LAUNCHER" />
47-->src\main\AndroidManifest.xml:31:17-77
47-->src\main\AndroidManifest.xml:31:27-74
48            </intent-filter>
49            <intent-filter android:autoVerify="true" >
49-->src\main\AndroidManifest.xml:34:13-41:29
49-->src\main\AndroidManifest.xml:34:28-53
50                <action android:name="android.intent.action.VIEW" />
50-->src\main\AndroidManifest.xml:35:17-69
50-->src\main\AndroidManifest.xml:35:25-66
51
52                <category android:name="android.intent.category.DEFAULT" />
52-->src\main\AndroidManifest.xml:36:17-76
52-->src\main\AndroidManifest.xml:36:27-73
53                <category android:name="android.intent.category.BROWSABLE" />
53-->src\main\AndroidManifest.xml:37:17-78
53-->src\main\AndroidManifest.xml:37:27-75
54
55                <data
55-->src\main\AndroidManifest.xml:38:17-40:68
56                    android:host="@string/asset_statements_host"
56-->src\main\AndroidManifest.xml:40:21-65
57                    android:scheme="https" />
57-->src\main\AndroidManifest.xml:39:21-43
58            </intent-filter>
59        </activity>
60    </application>
61
62</manifest>